三月 10, 2016 10:35:01 下午 org.apache.catalina.startup.Bootstrap main
警告: Bootstrap: command "-Djava.util.logging.config.file=conf/logging.properties" does not exist.
三月 10, 2016 10:35:18 下午 org.apache.catalina.startup.Bootstrap main
警告: Bootstrap: command "-Djava.util.logging.config.file=conf/logging.properties" does not exist.
三月 10, 2016 10:39:41 下午 org.apache.catalina.startup.VersionLoggerListener log
信息: Server version:        Apache Tomcat/@VERSION@
三月 10, 2016 10:39:41 下午 org.apache.catalina.startup.VersionLoggerListener log
信息: Server built:          @VERSION_BUILT@
三月 10, 2016 10:39:41 下午 org.apache.catalina.startup.VersionLoggerListener log
信息: Server number:         @VERSION_NUMBER@
三月 10, 2016 10:39:41 下午 org.apache.catalina.startup.VersionLoggerListener log
信息: OS Name:               Windows 7
三月 10, 2016 10:39:41 下午 org.apache.catalina.startup.VersionLoggerListener log
信息: OS Version:            6.1
三月 10, 2016 10:39:41 下午 org.apache.catalina.startup.VersionLoggerListener log
信息: Architecture:          amd64
三月 10, 2016 10:39:41 下午 org.apache.catalina.startup.VersionLoggerListener log
信息: Java Home:             D:\Develop\DevelopKits\Java\jdk1.7.0_71\jre
三月 10, 2016 10:39:41 下午 org.apache.catalina.startup.VersionLoggerListener log
信息: JVM Version:           1.7.0_71-b14
三月 10, 2016 10:39:41 下午 org.apache.catalina.startup.VersionLoggerListener log
信息: JVM Vendor:            Oracle Corporation
三月 10, 2016 10:39:41 下午 org.apache.catalina.startup.VersionLoggerListener log
信息: CATALINA_BASE:         D:\Develop\Work\WorkSpace\tomcat7\launch
三月 10, 2016 10:39:41 下午 org.apache.catalina.startup.VersionLoggerListener log
信息: CATALINA_HOME:         D:\Develop\Work\WorkSpace\tomcat7\launch
三月 10, 2016 10:39:41 下午 org.apache.catalina.startup.VersionLoggerListener log
信息: Command line argument: -Dcatalina.home=launch
三月 10, 2016 10:39:41 下午 org.apache.catalina.startup.VersionLoggerListener log
信息: Command line argument: -Dcatalina.base=launch
三月 10, 2016 10:39:41 下午 org.apache.catalina.startup.VersionLoggerListener log
信息: Command line argument: -Djava.endorsed.dirs=launch/endorsed
三月 10, 2016 10:39:41 下午 org.apache.catalina.startup.VersionLoggerListener log
信息: Command line argument: -Djava.io.tmpdir=launch/temp
三月 10, 2016 10:39:41 下午 org.apache.catalina.startup.VersionLoggerListener log
信息: Command line argument: -Djava.util.logging.manager=org.apache.juli.ClassLoaderLogManager
三月 10, 2016 10:39:41 下午 org.apache.catalina.startup.VersionLoggerListener log
信息: Command line argument: -Djava.util.logging.config.file=launch/conf/logging.properties
三月 10, 2016 10:39:41 下午 org.apache.catalina.startup.VersionLoggerListener log
信息: Command line argument: -Dfile.encoding=GBK
三月 10, 2016 10:39:41 下午 org.apache.catalina.core.AprLifecycleListener lifecycleEvent
信息: The APR based Apache Tomcat Native library which allows optimal performance in production environments was not found on the java.library.path: D:\Develop\DevelopKits\Java\jdk1.7.0_71\bin;C:\Windows\Sun\Java\bin;C:\Windows\system32;C:\Windows;D:/Develop/DevelopKits/Java/jdk1.6.0_45/bin/../jre/bin/server;D:/Develop/DevelopKits/Java/jdk1.6.0_45/bin/../jre/bin;D:/Develop/DevelopKits/Java/jdk1.6.0_45/bin/../jre/lib/amd64;C:\Windows\system32;C:\Windows;C:\Windows\System32\Wbem;C:\Windows\System32\WindowsPowerShell\v1.0\;D:\Develop\DevelopKits\Java\jdk1.6.0_45\bin;D:\Develop\DevelopKits\sts-bundle\sts-3.5.0.RELEASE;;.
三月 10, 2016 10:39:41 下午 org.apache.coyote.AbstractProtocol init
信息: Initializing ProtocolHandler ["http-bio-8080"]
三月 10, 2016 10:39:41 下午 org.apache.coyote.AbstractProtocol init
信息: Initializing ProtocolHandler ["ajp-bio-8009"]
三月 10, 2016 10:39:41 下午 org.apache.catalina.startup.Catalina load
信息: Initialization processed in 1578 ms
三月 10, 2016 10:39:41 下午 org.apache.catalina.core.StandardService startInternal
信息: Starting service Catalina
三月 10, 2016 10:39:41 下午 org.apache.catalina.core.StandardEngine startInternal
信息: Starting Servlet Engine: Apache Tomcat/@VERSION@
三月 10, 2016 10:39:41 下午 org.apache.catalina.startup.HostConfig deployDirectory
信息: Deploying web application directory D:\Develop\Work\WorkSpace\tomcat7\launch\webapps\docs
三月 10, 2016 10:39:42 下午 org.apache.catalina.startup.TldConfig execute
信息: At least one JAR was scanned for TLDs yet contained no TLDs. Enable debug logging for this logger for a complete list of JARs that were scanned but no TLDs were found in them. Skipping unneeded JARs during scanning can improve startup time and JSP compilation time.
三月 10, 2016 10:39:43 下午 org.apache.catalina.util.SessionIdGeneratorBase createSecureRandom
信息: Creation of SecureRandom instance for session ID generation using [SHA1PRNG] took [127] milliseconds.
三月 10, 2016 10:39:43 下午 org.apache.catalina.startup.HostConfig deployDirectory
信息: Deployment of web application directory D:\Develop\Work\WorkSpace\tomcat7\launch\webapps\docs has finished in 1,337 ms
三月 10, 2016 10:39:43 下午 org.apache.catalina.startup.HostConfig deployDirectory
信息: Deploying web application directory D:\Develop\Work\WorkSpace\tomcat7\launch\webapps\examples
三月 10, 2016 10:39:43 下午 org.apache.catalina.startup.TldConfig execute
信息: At least one JAR was scanned for TLDs yet contained no TLDs. Enable debug logging for this logger for a complete list of JARs that were scanned but no TLDs were found in them. Skipping unneeded JARs during scanning can improve startup time and JSP compilation time.
三月 10, 2016 10:39:44 下午 org.apache.catalina.startup.HostConfig deployDirectory
信息: Deployment of web application directory D:\Develop\Work\WorkSpace\tomcat7\launch\webapps\examples has finished in 1,001 ms
三月 10, 2016 10:39:44 下午 org.apache.catalina.startup.HostConfig deployDirectory
信息: Deploying web application directory D:\Develop\Work\WorkSpace\tomcat7\launch\webapps\host-manager
三月 10, 2016 10:39:44 下午 org.apache.catalina.startup.TldConfig execute
信息: At least one JAR was scanned for TLDs yet contained no TLDs. Enable debug logging for this logger for a complete list of JARs that were scanned but no TLDs were found in them. Skipping unneeded JARs during scanning can improve startup time and JSP compilation time.
三月 10, 2016 10:39:44 下午 org.apache.catalina.startup.HostConfig deployDirectory
信息: Deployment of web application directory D:\Develop\Work\WorkSpace\tomcat7\launch\webapps\host-manager has finished in 64 ms
三月 10, 2016 10:39:44 下午 org.apache.catalina.startup.HostConfig deployDirectory
信息: Deploying web application directory D:\Develop\Work\WorkSpace\tomcat7\launch\webapps\manager
三月 10, 2016 10:39:44 下午 org.apache.catalina.startup.TldConfig execute
信息: At least one JAR was scanned for TLDs yet contained no TLDs. Enable debug logging for this logger for a complete list of JARs that were scanned but no TLDs were found in them. Skipping unneeded JARs during scanning can improve startup time and JSP compilation time.
三月 10, 2016 10:39:44 下午 org.apache.catalina.startup.HostConfig deployDirectory
信息: Deployment of web application directory D:\Develop\Work\WorkSpace\tomcat7\launch\webapps\manager has finished in 90 ms
三月 10, 2016 10:39:44 下午 org.apache.catalina.startup.HostConfig deployDirectory
信息: Deploying web application directory D:\Develop\Work\WorkSpace\tomcat7\launch\webapps\ROOT
三月 10, 2016 10:39:44 下午 org.apache.catalina.startup.TldConfig execute
信息: At least one JAR was scanned for TLDs yet contained no TLDs. Enable debug logging for this logger for a complete list of JARs that were scanned but no TLDs were found in them. Skipping unneeded JARs during scanning can improve startup time and JSP compilation time.
三月 10, 2016 10:39:44 下午 org.apache.catalina.startup.HostConfig deployDirectory
信息: Deployment of web application directory D:\Develop\Work\WorkSpace\tomcat7\launch\webapps\ROOT has finished in 379 ms
三月 10, 2016 10:39:44 下午 org.apache.coyote.AbstractProtocol start
信息: Starting ProtocolHandler ["http-bio-8080"]
三月 10, 2016 10:39:44 下午 org.apache.coyote.AbstractProtocol start
信息: Starting ProtocolHandler ["ajp-bio-8009"]
三月 10, 2016 10:39:44 下午 org.apache.catalina.startup.Catalina start
信息: Server startup in 2962 ms
三月 10, 2016 11:15:30 下午 org.apache.catalina.startup.VersionLoggerListener log
信息: Server version:        Apache Tomcat/@VERSION@
三月 10, 2016 11:15:30 下午 org.apache.catalina.startup.VersionLoggerListener log
信息: Server built:          @VERSION_BUILT@
三月 10, 2016 11:15:30 下午 org.apache.catalina.startup.VersionLoggerListener log
信息: Server number:         @VERSION_NUMBER@
三月 10, 2016 11:15:30 下午 org.apache.catalina.startup.VersionLoggerListener log
信息: OS Name:               Windows 7
三月 10, 2016 11:15:30 下午 org.apache.catalina.startup.VersionLoggerListener log
信息: OS Version:            6.1
三月 10, 2016 11:15:30 下午 org.apache.catalina.startup.VersionLoggerListener log
信息: Architecture:          amd64
三月 10, 2016 11:15:30 下午 org.apache.catalina.startup.VersionLoggerListener log
信息: Java Home:             D:\Develop\DevelopKits\Java\jdk1.7.0_71\jre
三月 10, 2016 11:15:30 下午 org.apache.catalina.startup.VersionLoggerListener log
信息: JVM Version:           1.7.0_71-b14
三月 10, 2016 11:15:30 下午 org.apache.catalina.startup.VersionLoggerListener log
信息: JVM Vendor:            Oracle Corporation
三月 10, 2016 11:15:30 下午 org.apache.catalina.startup.VersionLoggerListener log
信息: CATALINA_BASE:         D:\Develop\Work\WorkSpace\tomcat7\launch
三月 10, 2016 11:15:30 下午 org.apache.catalina.startup.VersionLoggerListener log
信息: CATALINA_HOME:         D:\Develop\Work\WorkSpace\tomcat7\launch
三月 10, 2016 11:15:30 下午 org.apache.catalina.startup.VersionLoggerListener log
信息: Command line argument: -agentlib:jdwp=transport=dt_socket,suspend=y,address=localhost:58448
三月 10, 2016 11:15:30 下午 org.apache.catalina.startup.VersionLoggerListener log
信息: Command line argument: -Dcatalina.home=launch
三月 10, 2016 11:15:30 下午 org.apache.catalina.startup.VersionLoggerListener log
信息: Command line argument: -Dcatalina.base=launch
三月 10, 2016 11:15:30 下午 org.apache.catalina.startup.VersionLoggerListener log
信息: Command line argument: -Djava.endorsed.dirs=launch/endorsed
三月 10, 2016 11:15:30 下午 org.apache.catalina.startup.VersionLoggerListener log
信息: Command line argument: -Djava.io.tmpdir=launch/temp
三月 10, 2016 11:15:30 下午 org.apache.catalina.startup.VersionLoggerListener log
信息: Command line argument: -Djava.util.logging.manager=org.apache.juli.ClassLoaderLogManager
三月 10, 2016 11:15:30 下午 org.apache.catalina.startup.VersionLoggerListener log
信息: Command line argument: -Djava.util.logging.config.file=launch/conf/logging.properties
三月 10, 2016 11:15:30 下午 org.apache.catalina.startup.VersionLoggerListener log
信息: Command line argument: -Dfile.encoding=GBK
三月 10, 2016 11:15:30 下午 org.apache.catalina.core.AprLifecycleListener lifecycleEvent
信息: The APR based Apache Tomcat Native library which allows optimal performance in production environments was not found on the java.library.path: D:\Develop\DevelopKits\Java\jdk1.7.0_71\bin;C:\Windows\Sun\Java\bin;C:\Windows\system32;C:\Windows;D:\Develop\DevelopKits\Java\jdk1.7.0_71\jre\bin;D:/Develop/DevelopKits/Java/jdk1.6.0_45/bin/../jre/bin/server;D:/Develop/DevelopKits/Java/jdk1.6.0_45/bin/../jre/bin;D:/Develop/DevelopKits/Java/jdk1.6.0_45/bin/../jre/lib/amd64;C:\Windows\system32;C:\Windows;C:\Windows\System32\Wbem;C:\Windows\System32\WindowsPowerShell\v1.0\;D:\Develop\DevelopKits\Java\jdk1.6.0_45\bin;D:\Develop\DevelopKits\sts-bundle\sts-3.5.0.RELEASE;;.
三月 10, 2016 11:15:30 下午 org.apache.coyote.AbstractProtocol init
信息: Initializing ProtocolHandler ["http-bio-8080"]
三月 10, 2016 11:15:30 下午 org.apache.coyote.AbstractProtocol init
信息: Initializing ProtocolHandler ["ajp-bio-8009"]
三月 10, 2016 11:15:30 下午 org.apache.catalina.startup.Catalina load
信息: Initialization processed in 1375 ms
三月 10, 2016 11:15:30 下午 org.apache.catalina.core.StandardService startInternal
信息: Starting service Catalina
三月 10, 2016 11:15:30 下午 org.apache.catalina.core.StandardEngine startInternal
信息: Starting Servlet Engine: Apache Tomcat/@VERSION@
三月 10, 2016 11:15:30 下午 org.apache.catalina.startup.HostConfig deployDirectory
信息: Deploying web application directory D:\Develop\Work\WorkSpace\tomcat7\launch\webapps\docs
三月 10, 2016 11:15:31 下午 org.apache.catalina.startup.TldConfig execute
信息: At least one JAR was scanned for TLDs yet contained no TLDs. Enable debug logging for this logger for a complete list of JARs that were scanned but no TLDs were found in them. Skipping unneeded JARs during scanning can improve startup time and JSP compilation time.
三月 10, 2016 11:15:31 下午 org.apache.catalina.util.SessionIdGeneratorBase createSecureRandom
信息: Creation of SecureRandom instance for session ID generation using [SHA1PRNG] took [124] milliseconds.
三月 10, 2016 11:15:31 下午 org.apache.catalina.startup.HostConfig deployDirectory
信息: Deployment of web application directory D:\Develop\Work\WorkSpace\tomcat7\launch\webapps\docs has finished in 1,312 ms
三月 10, 2016 11:15:31 下午 org.apache.catalina.startup.HostConfig deployDirectory
信息: Deploying web application directory D:\Develop\Work\WorkSpace\tomcat7\launch\webapps\examples
三月 10, 2016 11:15:32 下午 org.apache.catalina.startup.TldConfig execute
信息: At least one JAR was scanned for TLDs yet contained no TLDs. Enable debug logging for this logger for a complete list of JARs that were scanned but no TLDs were found in them. Skipping unneeded JARs during scanning can improve startup time and JSP compilation time.
三月 10, 2016 11:15:32 下午 org.apache.catalina.startup.HostConfig deployDirectory
信息: Deployment of web application directory D:\Develop\Work\WorkSpace\tomcat7\launch\webapps\examples has finished in 803 ms
三月 10, 2016 11:15:32 下午 org.apache.catalina.startup.HostConfig deployDirectory
信息: Deploying web application directory D:\Develop\Work\WorkSpace\tomcat7\launch\webapps\host-manager
三月 10, 2016 11:15:33 下午 org.apache.catalina.startup.TldConfig execute
信息: At least one JAR was scanned for TLDs yet contained no TLDs. Enable debug logging for this logger for a complete list of JARs that were scanned but no TLDs were found in them. Skipping unneeded JARs during scanning can improve startup time and JSP compilation time.
三月 10, 2016 11:15:33 下午 org.apache.catalina.startup.HostConfig deployDirectory
信息: Deployment of web application directory D:\Develop\Work\WorkSpace\tomcat7\launch\webapps\host-manager has finished in 364 ms
三月 10, 2016 11:15:33 下午 org.apache.catalina.startup.HostConfig deployDirectory
信息: Deploying web application directory D:\Develop\Work\WorkSpace\tomcat7\launch\webapps\manager
三月 10, 2016 11:15:33 下午 org.apache.catalina.startup.TldConfig execute
信息: At least one JAR was scanned for TLDs yet contained no TLDs. Enable debug logging for this logger for a complete list of JARs that were scanned but no TLDs were found in them. Skipping unneeded JARs during scanning can improve startup time and JSP compilation time.
三月 10, 2016 11:15:33 下午 org.apache.catalina.startup.HostConfig deployDirectory
信息: Deployment of web application directory D:\Develop\Work\WorkSpace\tomcat7\launch\webapps\manager has finished in 146 ms
三月 10, 2016 11:15:33 下午 org.apache.catalina.startup.HostConfig deployDirectory
信息: Deploying web application directory D:\Develop\Work\WorkSpace\tomcat7\launch\webapps\ROOT
三月 10, 2016 11:15:33 下午 org.apache.catalina.startup.TldConfig execute
信息: At least one JAR was scanned for TLDs yet contained no TLDs. Enable debug logging for this logger for a complete list of JARs that were scanned but no TLDs were found in them. Skipping unneeded JARs during scanning can improve startup time and JSP compilation time.
三月 10, 2016 11:15:33 下午 org.apache.catalina.startup.HostConfig deployDirectory
信息: Deployment of web application directory D:\Develop\Work\WorkSpace\tomcat7\launch\webapps\ROOT has finished in 324 ms
三月 10, 2016 11:15:33 下午 org.apache.coyote.AbstractProtocol start
信息: Starting ProtocolHandler ["http-bio-8080"]
三月 10, 2016 11:15:33 下午 org.apache.coyote.AbstractProtocol start
信息: Starting ProtocolHandler ["ajp-bio-8009"]
三月 10, 2016 11:15:33 下午 org.apache.catalina.startup.Catalina start
信息: Server startup in 3139 ms
三月 10, 2016 11:19:00 下午 org.apache.catalina.startup.VersionLoggerListener log
信息: Server version:        Apache Tomcat/@VERSION@
三月 10, 2016 11:19:00 下午 org.apache.catalina.startup.VersionLoggerListener log
信息: Server built:          @VERSION_BUILT@
三月 10, 2016 11:19:00 下午 org.apache.catalina.startup.VersionLoggerListener log
信息: Server number:         @VERSION_NUMBER@
三月 10, 2016 11:19:00 下午 org.apache.catalina.startup.VersionLoggerListener log
信息: OS Name:               Windows 7
三月 10, 2016 11:19:00 下午 org.apache.catalina.startup.VersionLoggerListener log
信息: OS Version:            6.1
三月 10, 2016 11:19:00 下午 org.apache.catalina.startup.VersionLoggerListener log
信息: Architecture:          amd64
三月 10, 2016 11:19:00 下午 org.apache.catalina.startup.VersionLoggerListener log
信息: Java Home:             D:\Develop\DevelopKits\Java\jdk1.7.0_71\jre
三月 10, 2016 11:19:00 下午 org.apache.catalina.startup.VersionLoggerListener log
信息: JVM Version:           1.7.0_71-b14
三月 10, 2016 11:19:00 下午 org.apache.catalina.startup.VersionLoggerListener log
信息: JVM Vendor:            Oracle Corporation
三月 10, 2016 11:19:00 下午 org.apache.catalina.startup.VersionLoggerListener log
信息: CATALINA_BASE:         D:\Develop\Work\WorkSpace\tomcat7\launch
三月 10, 2016 11:19:00 下午 org.apache.catalina.startup.VersionLoggerListener log
信息: CATALINA_HOME:         D:\Develop\Work\WorkSpace\tomcat7\launch
三月 10, 2016 11:19:00 下午 org.apache.catalina.startup.VersionLoggerListener log
信息: Command line argument: -agentlib:jdwp=transport=dt_socket,suspend=y,address=localhost:58454
三月 10, 2016 11:19:00 下午 org.apache.catalina.startup.VersionLoggerListener log
信息: Command line argument: -Dcatalina.home=launch
三月 10, 2016 11:19:00 下午 org.apache.catalina.startup.VersionLoggerListener log
信息: Command line argument: -Dcatalina.base=launch
三月 10, 2016 11:19:00 下午 org.apache.catalina.startup.VersionLoggerListener log
信息: Command line argument: -Djava.endorsed.dirs=launch/endorsed
三月 10, 2016 11:19:00 下午 org.apache.catalina.startup.VersionLoggerListener log
信息: Command line argument: -Djava.io.tmpdir=launch/temp
三月 10, 2016 11:19:00 下午 org.apache.catalina.startup.VersionLoggerListener log
信息: Command line argument: -Djava.util.logging.manager=org.apache.juli.ClassLoaderLogManager
三月 10, 2016 11:19:00 下午 org.apache.catalina.startup.VersionLoggerListener log
信息: Command line argument: -Djava.util.logging.config.file=launch/conf/logging.properties
三月 10, 2016 11:19:00 下午 org.apache.catalina.startup.VersionLoggerListener log
信息: Command line argument: -Dfile.encoding=GBK
三月 10, 2016 11:19:00 下午 org.apache.catalina.core.AprLifecycleListener lifecycleEvent
信息: The APR based Apache Tomcat Native library which allows optimal performance in production environments was not found on the java.library.path: D:\Develop\DevelopKits\Java\jdk1.7.0_71\bin;C:\Windows\Sun\Java\bin;C:\Windows\system32;C:\Windows;D:\Develop\DevelopKits\Java\jdk1.7.0_71\jre\bin;D:/Develop/DevelopKits/Java/jdk1.6.0_45/bin/../jre/bin/server;D:/Develop/DevelopKits/Java/jdk1.6.0_45/bin/../jre/bin;D:/Develop/DevelopKits/Java/jdk1.6.0_45/bin/../jre/lib/amd64;C:\Windows\system32;C:\Windows;C:\Windows\System32\Wbem;C:\Windows\System32\WindowsPowerShell\v1.0\;D:\Develop\DevelopKits\Java\jdk1.6.0_45\bin;D:\Develop\DevelopKits\sts-bundle\sts-3.5.0.RELEASE;;.
三月 10, 2016 11:19:00 下午 org.apache.coyote.AbstractProtocol init
信息: Initializing ProtocolHandler ["http-bio-8080"]
三月 10, 2016 11:19:00 下午 org.apache.coyote.AbstractProtocol init
信息: Initializing ProtocolHandler ["ajp-bio-8009"]
三月 10, 2016 11:19:00 下午 org.apache.catalina.startup.Catalina load
信息: Initialization processed in 1463 ms
三月 10, 2016 11:19:00 下午 org.apache.catalina.core.StandardService startInternal
信息: Starting service Catalina
三月 10, 2016 11:19:00 下午 org.apache.catalina.core.StandardEngine startInternal
信息: Starting Servlet Engine: Apache Tomcat/@VERSION@
三月 10, 2016 11:19:00 下午 org.apache.catalina.startup.HostConfig deployDirectory
信息: Deploying web application directory D:\Develop\Work\WorkSpace\tomcat7\launch\webapps\docs
三月 10, 2016 11:19:02 下午 org.apache.catalina.startup.TldConfig execute
信息: At least one JAR was scanned for TLDs yet contained no TLDs. Enable debug logging for this logger for a complete list of JARs that were scanned but no TLDs were found in them. Skipping unneeded JARs during scanning can improve startup time and JSP compilation time.
三月 10, 2016 11:19:02 下午 org.apache.catalina.util.SessionIdGeneratorBase createSecureRandom
信息: Creation of SecureRandom instance for session ID generation using [SHA1PRNG] took [129] milliseconds.
三月 10, 2016 11:19:02 下午 org.apache.catalina.startup.HostConfig deployDirectory
信息: Deployment of web application directory D:\Develop\Work\WorkSpace\tomcat7\launch\webapps\docs has finished in 1,320 ms
三月 10, 2016 11:19:02 下午 org.apache.catalina.startup.HostConfig deployDirectory
信息: Deploying web application directory D:\Develop\Work\WorkSpace\tomcat7\launch\webapps\examples
三月 10, 2016 11:19:03 下午 org.apache.catalina.startup.TldConfig execute
信息: At least one JAR was scanned for TLDs yet contained no TLDs. Enable debug logging for this logger for a complete list of JARs that were scanned but no TLDs were found in them. Skipping unneeded JARs during scanning can improve startup time and JSP compilation time.
三月 10, 2016 11:19:03 下午 org.apache.catalina.startup.HostConfig deployDirectory
信息: Deployment of web application directory D:\Develop\Work\WorkSpace\tomcat7\launch\webapps\examples has finished in 911 ms
三月 10, 2016 11:19:03 下午 org.apache.catalina.startup.HostConfig deployDirectory
信息: Deploying web application directory D:\Develop\Work\WorkSpace\tomcat7\launch\webapps\host-manager
三月 10, 2016 11:19:03 下午 org.apache.catalina.startup.TldConfig execute
信息: At least one JAR was scanned for TLDs yet contained no TLDs. Enable debug logging for this logger for a complete list of JARs that were scanned but no TLDs were found in them. Skipping unneeded JARs during scanning can improve startup time and JSP compilation time.
三月 10, 2016 11:19:03 下午 org.apache.catalina.startup.HostConfig deployDirectory
信息: Deployment of web application directory D:\Develop\Work\WorkSpace\tomcat7\launch\webapps\host-manager has finished in 101 ms
三月 10, 2016 11:19:03 下午 org.apache.catalina.startup.HostConfig deployDirectory
信息: Deploying web application directory D:\Develop\Work\WorkSpace\tomcat7\launch\webapps\manager
三月 10, 2016 11:19:03 下午 org.apache.catalina.startup.TldConfig execute
信息: At least one JAR was scanned for TLDs yet contained no TLDs. Enable debug logging for this logger for a complete list of JARs that were scanned but no TLDs were found in them. Skipping unneeded JARs during scanning can improve startup time and JSP compilation time.
三月 10, 2016 11:19:03 下午 org.apache.catalina.startup.HostConfig deployDirectory
信息: Deployment of web application directory D:\Develop\Work\WorkSpace\tomcat7\launch\webapps\manager has finished in 125 ms
三月 10, 2016 11:19:03 下午 org.apache.catalina.startup.HostConfig deployDirectory
信息: Deploying web application directory D:\Develop\Work\WorkSpace\tomcat7\launch\webapps\ROOT
三月 10, 2016 11:19:03 下午 org.apache.catalina.startup.TldConfig execute
信息: At least one JAR was scanned for TLDs yet contained no TLDs. Enable debug logging for this logger for a complete list of JARs that were scanned but no TLDs were found in them. Skipping unneeded JARs during scanning can improve startup time and JSP compilation time.
三月 10, 2016 11:19:03 下午 org.apache.catalina.startup.HostConfig deployDirectory
信息: Deployment of web application directory D:\Develop\Work\WorkSpace\tomcat7\launch\webapps\ROOT has finished in 391 ms
三月 10, 2016 11:19:03 下午 org.apache.coyote.AbstractProtocol start
信息: Starting ProtocolHandler ["http-bio-8080"]
三月 10, 2016 11:19:03 下午 org.apache.coyote.AbstractProtocol start
信息: Starting ProtocolHandler ["ajp-bio-8009"]
三月 10, 2016 11:19:03 下午 org.apache.catalina.startup.Catalina start
信息: Server startup in 2963 ms
三月 10, 2016 11:21:53 下午 org.apache.catalina.startup.VersionLoggerListener log
信息: Server version:        Apache Tomcat/@VERSION@
三月 10, 2016 11:21:53 下午 org.apache.catalina.startup.VersionLoggerListener log
信息: Server built:          @VERSION_BUILT@
三月 10, 2016 11:21:53 下午 org.apache.catalina.startup.VersionLoggerListener log
信息: Server number:         @VERSION_NUMBER@
三月 10, 2016 11:21:53 下午 org.apache.catalina.startup.VersionLoggerListener log
信息: OS Name:               Windows 7
三月 10, 2016 11:21:53 下午 org.apache.catalina.startup.VersionLoggerListener log
信息: OS Version:            6.1
三月 10, 2016 11:21:53 下午 org.apache.catalina.startup.VersionLoggerListener log
信息: Architecture:          amd64
三月 10, 2016 11:21:53 下午 org.apache.catalina.startup.VersionLoggerListener log
信息: Java Home:             D:\Develop\DevelopKits\Java\jdk1.7.0_71\jre
三月 10, 2016 11:21:53 下午 org.apache.catalina.startup.VersionLoggerListener log
信息: JVM Version:           1.7.0_71-b14
三月 10, 2016 11:21:53 下午 org.apache.catalina.startup.VersionLoggerListener log
信息: JVM Vendor:            Oracle Corporation
三月 10, 2016 11:21:53 下午 org.apache.catalina.startup.VersionLoggerListener log
信息: CATALINA_BASE:         D:\Develop\Work\WorkSpace\tomcat7\launch
三月 10, 2016 11:21:53 下午 org.apache.catalina.startup.VersionLoggerListener log
信息: CATALINA_HOME:         D:\Develop\Work\WorkSpace\tomcat7\launch
三月 10, 2016 11:21:53 下午 org.apache.catalina.startup.VersionLoggerListener log
信息: Command line argument: -agentlib:jdwp=transport=dt_socket,suspend=y,address=localhost:58471
三月 10, 2016 11:21:53 下午 org.apache.catalina.startup.VersionLoggerListener log
信息: Command line argument: -Dcatalina.home=launch
三月 10, 2016 11:21:53 下午 org.apache.catalina.startup.VersionLoggerListener log
信息: Command line argument: -Dcatalina.base=launch
三月 10, 2016 11:21:53 下午 org.apache.catalina.startup.VersionLoggerListener log
信息: Command line argument: -Djava.endorsed.dirs=launch/endorsed
三月 10, 2016 11:21:53 下午 org.apache.catalina.startup.VersionLoggerListener log
信息: Command line argument: -Djava.io.tmpdir=launch/temp
三月 10, 2016 11:21:53 下午 org.apache.catalina.startup.VersionLoggerListener log
信息: Command line argument: -Djava.util.logging.manager=org.apache.juli.ClassLoaderLogManager
三月 10, 2016 11:21:53 下午 org.apache.catalina.startup.VersionLoggerListener log
信息: Command line argument: -Djava.util.logging.config.file=launch/conf/logging.properties
三月 10, 2016 11:21:53 下午 org.apache.catalina.startup.VersionLoggerListener log
信息: Command line argument: -Dfile.encoding=GBK
三月 10, 2016 11:21:53 下午 org.apache.catalina.core.AprLifecycleListener lifecycleEvent
信息: The APR based Apache Tomcat Native library which allows optimal performance in production environments was not found on the java.library.path: D:\Develop\DevelopKits\Java\jdk1.7.0_71\bin;C:\Windows\Sun\Java\bin;C:\Windows\system32;C:\Windows;D:\Develop\DevelopKits\Java\jdk1.7.0_71\jre\bin;D:/Develop/DevelopKits/Java/jdk1.6.0_45/bin/../jre/bin/server;D:/Develop/DevelopKits/Java/jdk1.6.0_45/bin/../jre/bin;D:/Develop/DevelopKits/Java/jdk1.6.0_45/bin/../jre/lib/amd64;C:\Windows\system32;C:\Windows;C:\Windows\System32\Wbem;C:\Windows\System32\WindowsPowerShell\v1.0\;D:\Develop\DevelopKits\Java\jdk1.6.0_45\bin;D:\Develop\DevelopKits\sts-bundle\sts-3.5.0.RELEASE;;.
三月 10, 2016 11:21:53 下午 org.apache.coyote.AbstractProtocol init
信息: Initializing ProtocolHandler ["http-bio-8080"]
三月 10, 2016 11:21:53 下午 org.apache.coyote.AbstractProtocol init
信息: Initializing ProtocolHandler ["ajp-bio-8009"]
三月 10, 2016 11:21:53 下午 org.apache.catalina.startup.Catalina load
信息: Initialization processed in 1442 ms
三月 10, 2016 11:21:53 下午 org.apache.catalina.core.StandardService startInternal
信息: Starting service Catalina
三月 10, 2016 11:21:53 下午 org.apache.catalina.core.StandardEngine startInternal
信息: Starting Servlet Engine: Apache Tomcat/@VERSION@
三月 10, 2016 11:21:53 下午 org.apache.catalina.startup.HostConfig deployDirectory
信息: Deploying web application directory D:\Develop\Work\WorkSpace\tomcat7\launch\webapps\docs
三月 10, 2016 11:21:55 下午 org.apache.catalina.startup.TldConfig execute
信息: At least one JAR was scanned for TLDs yet contained no TLDs. Enable debug logging for this logger for a complete list of JARs that were scanned but no TLDs were found in them. Skipping unneeded JARs during scanning can improve startup time and JSP compilation time.
三月 10, 2016 11:21:55 下午 org.apache.catalina.util.SessionIdGeneratorBase createSecureRandom
信息: Creation of SecureRandom instance for session ID generation using [SHA1PRNG] took [124] milliseconds.
三月 10, 2016 11:21:55 下午 org.apache.catalina.startup.HostConfig deployDirectory
信息: Deployment of web application directory D:\Develop\Work\WorkSpace\tomcat7\launch\webapps\docs has finished in 1,630 ms
三月 10, 2016 11:21:55 下午 org.apache.catalina.startup.HostConfig deployDirectory
信息: Deploying web application directory D:\Develop\Work\WorkSpace\tomcat7\launch\webapps\examples
三月 10, 2016 11:21:56 下午 org.apache.catalina.startup.TldConfig execute
信息: At least one JAR was scanned for TLDs yet contained no TLDs. Enable debug logging for this logger for a complete list of JARs that were scanned but no TLDs were found in them. Skipping unneeded JARs during scanning can improve startup time and JSP compilation time.
三月 10, 2016 11:21:56 下午 org.apache.catalina.startup.HostConfig deployDirectory
信息: Deployment of web application directory D:\Develop\Work\WorkSpace\tomcat7\launch\webapps\examples has finished in 885 ms
三月 10, 2016 11:21:56 下午 org.apache.catalina.startup.HostConfig deployDirectory
信息: Deploying web application directory D:\Develop\Work\WorkSpace\tomcat7\launch\webapps\host-manager
三月 10, 2016 11:21:56 下午 org.apache.catalina.startup.TldConfig execute
信息: At least one JAR was scanned for TLDs yet contained no TLDs. Enable debug logging for this logger for a complete list of JARs that were scanned but no TLDs were found in them. Skipping unneeded JARs during scanning can improve startup time and JSP compilation time.
三月 10, 2016 11:21:56 下午 org.apache.catalina.startup.HostConfig deployDirectory
信息: Deployment of web application directory D:\Develop\Work\WorkSpace\tomcat7\launch\webapps\host-manager has finished in 115 ms
三月 10, 2016 11:21:56 下午 org.apache.catalina.startup.HostConfig deployDirectory
信息: Deploying web application directory D:\Develop\Work\WorkSpace\tomcat7\launch\webapps\manager
三月 10, 2016 11:21:56 下午 org.apache.catalina.startup.TldConfig execute
信息: At least one JAR was scanned for TLDs yet contained no TLDs. Enable debug logging for this logger for a complete list of JARs that were scanned but no TLDs were found in them. Skipping unneeded JARs during scanning can improve startup time and JSP compilation time.
三月 10, 2016 11:21:56 下午 org.apache.catalina.startup.HostConfig deployDirectory
信息: Deployment of web application directory D:\Develop\Work\WorkSpace\tomcat7\launch\webapps\manager has finished in 108 ms
三月 10, 2016 11:21:56 下午 org.apache.catalina.startup.HostConfig deployDirectory
信息: Deploying web application directory D:\Develop\Work\WorkSpace\tomcat7\launch\webapps\ROOT
三月 10, 2016 11:21:56 下午 org.apache.catalina.startup.TldConfig execute
信息: At least one JAR was scanned for TLDs yet contained no TLDs. Enable debug logging for this logger for a complete list of JARs that were scanned but no TLDs were found in them. Skipping unneeded JARs during scanning can improve startup time and JSP compilation time.
三月 10, 2016 11:21:56 下午 org.apache.catalina.startup.HostConfig deployDirectory
信息: Deployment of web application directory D:\Develop\Work\WorkSpace\tomcat7\launch\webapps\ROOT has finished in 323 ms
三月 10, 2016 11:21:56 下午 org.apache.coyote.AbstractProtocol start
信息: Starting ProtocolHandler ["http-bio-8080"]
三月 10, 2016 11:21:56 下午 org.apache.coyote.AbstractProtocol start
信息: Starting ProtocolHandler ["ajp-bio-8009"]
三月 10, 2016 11:21:56 下午 org.apache.catalina.startup.Catalina start
信息: Server startup in 3209 ms
