ÈıÔÂ 11, 2016 11:16:57 ÏÂÎç org.apache.catalina.startup.VersionLoggerListener log
ĞÅÏ¢: Server version:        Apache Tomcat/@VERSION@
ÈıÔÂ 11, 2016 11:16:57 ÏÂÎç org.apache.catalina.startup.VersionLoggerListener log
ĞÅÏ¢: Server built:          @VERSION_BUILT@
ÈıÔÂ 11, 2016 11:16:57 ÏÂÎç org.apache.catalina.startup.VersionLoggerListener log
ĞÅÏ¢: Server number:         @VERSION_NUMBER@
ÈıÔÂ 11, 2016 11:16:57 ÏÂÎç org.apache.catalina.startup.VersionLoggerListener log
ĞÅÏ¢: OS Name:               Windows 7
ÈıÔÂ 11, 2016 11:16:57 ÏÂÎç org.apache.catalina.startup.VersionLoggerListener log
ĞÅÏ¢: OS Version:            6.1
ÈıÔÂ 11, 2016 11:16:57 ÏÂÎç org.apache.catalina.startup.VersionLoggerListener log
ĞÅÏ¢: Architecture:          amd64
ÈıÔÂ 11, 2016 11:16:57 ÏÂÎç org.apache.catalina.startup.VersionLoggerListener log
ĞÅÏ¢: Java Home:             D:\Develop\DevelopKits\Java\jdk1.7.0_71\jre
ÈıÔÂ 11, 2016 11:16:57 ÏÂÎç org.apache.catalina.startup.VersionLoggerListener log
ĞÅÏ¢: JVM Version:           1.7.0_71-b14
ÈıÔÂ 11, 2016 11:16:57 ÏÂÎç org.apache.catalina.startup.VersionLoggerListener log
ĞÅÏ¢: JVM Vendor:            Oracle Corporation
ÈıÔÂ 11, 2016 11:16:57 ÏÂÎç org.apache.catalina.startup.VersionLoggerListener log
ĞÅÏ¢: CATALINA_BASE:         D:\Develop\Work\WorkSpace\tomcat7\launch
ÈıÔÂ 11, 2016 11:16:57 ÏÂÎç org.apache.catalina.startup.VersionLoggerListener log
ĞÅÏ¢: CATALINA_HOME:         D:\Develop\Work\WorkSpace\tomcat7\launch
ÈıÔÂ 11, 2016 11:16:57 ÏÂÎç org.apache.catalina.startup.VersionLoggerListener log
ĞÅÏ¢: Command line argument: -agentlib:jdwp=transport=dt_socket,suspend=y,address=localhost:52216
ÈıÔÂ 11, 2016 11:16:57 ÏÂÎç org.apache.catalina.startup.VersionLoggerListener log
ĞÅÏ¢: Command line argument: -Dcatalina.home=launch
ÈıÔÂ 11, 2016 11:16:57 ÏÂÎç org.apache.catalina.startup.VersionLoggerListener log
ĞÅÏ¢: Command line argument: -Dcatalina.base=launch
ÈıÔÂ 11, 2016 11:16:57 ÏÂÎç org.apache.catalina.startup.VersionLoggerListener log
ĞÅÏ¢: Command line argument: -Djava.endorsed.dirs=launch/endorsed
ÈıÔÂ 11, 2016 11:16:57 ÏÂÎç org.apache.catalina.startup.VersionLoggerListener log
ĞÅÏ¢: Command line argument: -Djava.io.tmpdir=launch/temp
ÈıÔÂ 11, 2016 11:16:57 ÏÂÎç org.apache.catalina.startup.VersionLoggerListener log
ĞÅÏ¢: Command line argument: -Djava.util.logging.manager=org.apache.juli.ClassLoaderLogManager
ÈıÔÂ 11, 2016 11:16:57 ÏÂÎç org.apache.catalina.startup.VersionLoggerListener log
ĞÅÏ¢: Command line argument: -Djava.util.logging.config.file=launch/conf/logging.properties
ÈıÔÂ 11, 2016 11:16:57 ÏÂÎç org.apache.catalina.startup.VersionLoggerListener log
ĞÅÏ¢: Command line argument: -Dfile.encoding=GBK
ÈıÔÂ 11, 2016 11:16:57 ÏÂÎç org.apache.catalina.core.AprLifecycleListener lifecycleEvent
ĞÅÏ¢: The APR based Apache Tomcat Native library which allows optimal performance in production environments was not found on the java.library.path: D:\Develop\DevelopKits\Java\jdk1.7.0_71\bin;C:\Windows\Sun\Java\bin;C:\Windows\system32;C:\Windows;D:\Develop\DevelopKits\Java\jdk1.7.0_71\jre\bin;D:/Develop/DevelopKits/Java/jdk1.6.0_45/bin/../jre/bin/server;D:/Develop/DevelopKits/Java/jdk1.6.0_45/bin/../jre/bin;D:/Develop/DevelopKits/Java/jdk1.6.0_45/bin/../jre/lib/amd64;C:\Windows\system32;C:\Windows;C:\Windows\System32\Wbem;C:\Windows\System32\WindowsPowerShell\v1.0\;D:\Develop\DevelopKits\Java\jdk1.6.0_45\bin;D:\Develop\DevelopKits\sts-bundle\sts-3.5.0.RELEASE;;.
ÈıÔÂ 11, 2016 11:16:58 ÏÂÎç org.apache.coyote.AbstractProtocol init
ĞÅÏ¢: Initializing ProtocolHandler ["http-bio-8080"]
ÈıÔÂ 11, 2016 11:16:59 ÏÂÎç org.apache.coyote.AbstractProtocol init
ĞÅÏ¢: Initializing ProtocolHandler ["ajp-bio-8009"]
ÈıÔÂ 11, 2016 11:16:59 ÏÂÎç org.apache.catalina.startup.Catalina load
ĞÅÏ¢: Initialization processed in 6968 ms
ÈıÔÂ 11, 2016 11:16:59 ÏÂÎç org.apache.catalina.core.StandardService startInternal
ĞÅÏ¢: Starting service Catalina
ÈıÔÂ 11, 2016 11:16:59 ÏÂÎç org.apache.catalina.core.StandardEngine startInternal
ĞÅÏ¢: Starting Servlet Engine: Apache Tomcat/@VERSION@
ÈıÔÂ 11, 2016 11:16:59 ÏÂÎç org.apache.catalina.startup.HostConfig deployDirectory
ĞÅÏ¢: Deploying web application directory D:\Develop\Work\WorkSpace\tomcat7\launch\webapps\docs
ä¸‰æœˆ 11, 2016 11:32:24 ä¸‹åˆ org.apache.catalina.startup.VersionLoggerListener log
ä¿¡æ¯: Server version:        Apache Tomcat/@VERSION@
ä¸‰æœˆ 11, 2016 11:32:24 ä¸‹åˆ org.apache.catalina.startup.VersionLoggerListener log
ä¿¡æ¯: Server built:          @VERSION_BUILT@
ä¸‰æœˆ 11, 2016 11:32:24 ä¸‹åˆ org.apache.catalina.startup.VersionLoggerListener log
ä¿¡æ¯: Server number:         @VERSION_NUMBER@
ä¸‰æœˆ 11, 2016 11:32:24 ä¸‹åˆ org.apache.catalina.startup.VersionLoggerListener log
ä¿¡æ¯: OS Name:               Windows 7
ä¸‰æœˆ 11, 2016 11:32:24 ä¸‹åˆ org.apache.catalina.startup.VersionLoggerListener log
ä¿¡æ¯: OS Version:            6.1
ä¸‰æœˆ 11, 2016 11:32:24 ä¸‹åˆ org.apache.catalina.startup.VersionLoggerListener log
ä¿¡æ¯: Architecture:          amd64
ä¸‰æœˆ 11, 2016 11:32:24 ä¸‹åˆ org.apache.catalina.startup.VersionLoggerListener log
ä¿¡æ¯: Java Home:             D:\Develop\DevelopKits\Java\jdk1.7.0_71\jre
ä¸‰æœˆ 11, 2016 11:32:24 ä¸‹åˆ org.apache.catalina.startup.VersionLoggerListener log
ä¿¡æ¯: JVM Version:           1.7.0_71-b14
ä¸‰æœˆ 11, 2016 11:32:24 ä¸‹åˆ org.apache.catalina.startup.VersionLoggerListener log
ä¿¡æ¯: JVM Vendor:            Oracle Corporation
ä¸‰æœˆ 11, 2016 11:32:24 ä¸‹åˆ org.apache.catalina.startup.VersionLoggerListener log
ä¿¡æ¯: CATALINA_BASE:         D:\Develop\Work\Git\tomcat7\launch
ä¸‰æœˆ 11, 2016 11:32:24 ä¸‹åˆ org.apache.catalina.startup.VersionLoggerListener log
ä¿¡æ¯: CATALINA_HOME:         D:\Develop\Work\Git\tomcat7\launch
ä¸‰æœˆ 11, 2016 11:32:24 ä¸‹åˆ org.apache.catalina.startup.VersionLoggerListener log
ä¿¡æ¯: Command line argument: -agentlib:jdwp=transport=dt_socket,address=127.0.0.1:52354,suspend=y,server=n
ä¸‰æœˆ 11, 2016 11:32:24 ä¸‹åˆ org.apache.catalina.startup.VersionLoggerListener log
ä¿¡æ¯: Command line argument: -Dcatalina.home=launch
ä¸‰æœˆ 11, 2016 11:32:24 ä¸‹åˆ org.apache.catalina.startup.VersionLoggerListener log
ä¿¡æ¯: Command line argument: -Dcatalina.base=launch
ä¸‰æœˆ 11, 2016 11:32:25 ä¸‹åˆ org.apache.catalina.startup.VersionLoggerListener log
ä¿¡æ¯: Command line argument: -Djava.endorsed.dirs=launch/endorsed
ä¸‰æœˆ 11, 2016 11:32:25 ä¸‹åˆ org.apache.catalina.startup.VersionLoggerListener log
ä¿¡æ¯: Command line argument: -Djava.io.tmpdir=launch/temp
ä¸‰æœˆ 11, 2016 11:32:25 ä¸‹åˆ org.apache.catalina.startup.VersionLoggerListener log
ä¿¡æ¯: Command line argument: -Djava.util.logging.manager=org.apache.juli.ClassLoaderLogManager
ä¸‰æœˆ 11, 2016 11:32:25 ä¸‹åˆ org.apache.catalina.startup.VersionLoggerListener log
ä¿¡æ¯: Command line argument: -Djava.util.logging.config.file=launch/conf/logging.properties
ä¸‰æœˆ 11, 2016 11:32:25 ä¸‹åˆ org.apache.catalina.startup.VersionLoggerListener log
ä¿¡æ¯: Command line argument: -Dfile.encoding=UTF-8
ä¸‰æœˆ 11, 2016 11:32:25 ä¸‹åˆ org.apache.catalina.core.AprLifecycleListener lifecycleEvent
ä¿¡æ¯: The APR based Apache Tomcat Native library which allows optimal performance in production environments was not found on the java.library.path: D:\Develop\DevelopKits\Java\jdk1.7.0_71\bin;C:\Windows\Sun\Java\bin;C:\Windows\system32;C:\Windows;C:\Windows\system32;C:\Windows;C:\Windows\System32\Wbem;C:\Windows\System32\WindowsPowerShell\v1.0\;D:\Develop\DevelopKits\Java\jdk1.6.0_45\bin;.
ä¸‰æœˆ 11, 2016 11:32:25 ä¸‹åˆ org.apache.coyote.AbstractProtocol init
ä¿¡æ¯: Initializing ProtocolHandler ["http-bio-8080"]
ä¸‰æœˆ 11, 2016 11:32:25 ä¸‹åˆ org.apache.coyote.AbstractProtocol init
ä¿¡æ¯: Initializing ProtocolHandler ["ajp-bio-8009"]
ä¸‰æœˆ 11, 2016 11:32:25 ä¸‹åˆ org.apache.catalina.startup.Catalina load
ä¿¡æ¯: Initialization processed in 1938 ms
ä¸‰æœˆ 11, 2016 11:32:25 ä¸‹åˆ org.apache.catalina.core.StandardService startInternal
ä¿¡æ¯: Starting service Catalina
ä¸‰æœˆ 11, 2016 11:32:25 ä¸‹åˆ org.apache.catalina.core.StandardEngine startInternal
ä¿¡æ¯: Starting Servlet Engine: Apache Tomcat/@VERSION@
ä¸‰æœˆ 11, 2016 11:32:25 ä¸‹åˆ org.apache.catalina.startup.HostConfig deployDirectory
ä¿¡æ¯: Deploying web application directory D:\Develop\Work\Git\tomcat7\launch\webapps\docs
ä¸‰æœˆ 11, 2016 11:32:39 ä¸‹åˆ org.apache.catalina.startup.TldConfig execute
ä¿¡æ¯: At least one JAR was scanned for TLDs yet contained no TLDs. Enable debug logging for this logger for a complete list of JARs that were scanned but no TLDs were found in them. Skipping unneeded JARs during scanning can improve startup time and JSP compilation time.
ä¸‰æœˆ 11, 2016 11:32:39 ä¸‹åˆ org.apache.catalina.util.SessionIdGeneratorBase createSecureRandom
ä¿¡æ¯: Creation of SecureRandom instance for session ID generation using [SHA1PRNG] took [208] milliseconds.
ä¸‰æœˆ 11, 2016 11:32:39 ä¸‹åˆ org.apache.catalina.startup.HostConfig deployDirectory
ä¿¡æ¯: Deployment of web application directory D:\Develop\Work\Git\tomcat7\launch\webapps\docs has finished in 14,202 ms
ä¸‰æœˆ 11, 2016 11:32:39 ä¸‹åˆ org.apache.catalina.startup.HostConfig deployDirectory
ä¿¡æ¯: Deploying web application directory D:\Develop\Work\Git\tomcat7\launch\webapps\examples
ä¸‰æœˆ 11, 2016 11:32:44 ä¸‹åˆ org.apache.catalina.startup.TldConfig execute
ä¿¡æ¯: At least one JAR was scanned for TLDs yet contained no TLDs. Enable debug logging for this logger for a complete list of JARs that were scanned but no TLDs were found in them. Skipping unneeded JARs during scanning can improve startup time and JSP compilation time.
ä¸‰æœˆ 11, 2016 11:32:44 ä¸‹åˆ org.apache.catalina.startup.HostConfig deployDirectory
ä¿¡æ¯: Deployment of web application directory D:\Develop\Work\Git\tomcat7\launch\webapps\examples has finished in 5,074 ms
ä¸‰æœˆ 11, 2016 11:32:44 ä¸‹åˆ org.apache.catalina.startup.HostConfig deployDirectory
ä¿¡æ¯: Deploying web application directory D:\Develop\Work\Git\tomcat7\launch\webapps\host-manager
ä¸‰æœˆ 11, 2016 11:32:44 ä¸‹åˆ org.apache.catalina.startup.TldConfig execute
ä¿¡æ¯: At least one JAR was scanned for TLDs yet contained no TLDs. Enable debug logging for this logger for a complete list of JARs that were scanned but no TLDs were found in them. Skipping unneeded JARs during scanning can improve startup time and JSP compilation time.
ä¸‰æœˆ 11, 2016 11:32:44 ä¸‹åˆ org.apache.catalina.startup.HostConfig deployDirectory
ä¿¡æ¯: Deployment of web application directory D:\Develop\Work\Git\tomcat7\launch\webapps\host-manager has finished in 148 ms
ä¸‰æœˆ 11, 2016 11:32:44 ä¸‹åˆ org.apache.catalina.startup.HostConfig deployDirectory
ä¿¡æ¯: Deploying web application directory D:\Develop\Work\Git\tomcat7\launch\webapps\manager
ä¸‰æœˆ 11, 2016 11:32:45 ä¸‹åˆ org.apache.catalina.startup.TldConfig execute
ä¿¡æ¯: At least one JAR was scanned for TLDs yet contained no TLDs. Enable debug logging for this logger for a complete list of JARs that were scanned but no TLDs were found in them. Skipping unneeded JARs during scanning can improve startup time and JSP compilation time.
ä¸‰æœˆ 11, 2016 11:32:45 ä¸‹åˆ org.apache.catalina.startup.HostConfig deployDirectory
ä¿¡æ¯: Deployment of web application directory D:\Develop\Work\Git\tomcat7\launch\webapps\manager has finished in 144 ms
ä¸‰æœˆ 11, 2016 11:32:45 ä¸‹åˆ org.apache.catalina.startup.HostConfig deployDirectory
ä¿¡æ¯: Deploying web application directory D:\Develop\Work\Git\tomcat7\launch\webapps\ROOT
ä¸‰æœˆ 11, 2016 11:32:48 ä¸‹åˆ org.apache.catalina.startup.TldConfig execute
ä¿¡æ¯: At least one JAR was scanned for TLDs yet contained no TLDs. Enable debug logging for this logger for a complete list of JARs that were scanned but no TLDs were found in them. Skipping unneeded JARs during scanning can improve startup time and JSP compilation time.
ä¸‰æœˆ 11, 2016 11:32:48 ä¸‹åˆ org.apache.catalina.startup.HostConfig deployDirectory
ä¿¡æ¯: Deployment of web application directory D:\Develop\Work\Git\tomcat7\launch\webapps\ROOT has finished in 2,990 ms
ä¸‰æœˆ 11, 2016 11:32:48 ä¸‹åˆ org.apache.coyote.AbstractProtocol start
ä¿¡æ¯: Starting ProtocolHandler ["http-bio-8080"]
ä¸‰æœˆ 11, 2016 11:32:48 ä¸‹åˆ org.apache.coyote.AbstractProtocol start
ä¿¡æ¯: Starting ProtocolHandler ["ajp-bio-8009"]
ä¸‰æœˆ 11, 2016 11:32:48 ä¸‹åˆ org.apache.catalina.startup.Catalina start
ä¿¡æ¯: Server startup in 22720 ms
ä¸‰æœˆ 11, 2016 11:33:36 ä¸‹åˆ org.apache.catalina.startup.VersionLoggerListener log
ä¿¡æ¯: Server version:        Apache Tomcat/@VERSION@
ä¸‰æœˆ 11, 2016 11:33:36 ä¸‹åˆ org.apache.catalina.startup.VersionLoggerListener log
ä¿¡æ¯: Server built:          @VERSION_BUILT@
ä¸‰æœˆ 11, 2016 11:33:36 ä¸‹åˆ org.apache.catalina.startup.VersionLoggerListener log
ä¿¡æ¯: Server number:         @VERSION_NUMBER@
ä¸‰æœˆ 11, 2016 11:33:36 ä¸‹åˆ org.apache.catalina.startup.VersionLoggerListener log
ä¿¡æ¯: OS Name:               Windows 7
ä¸‰æœˆ 11, 2016 11:33:36 ä¸‹åˆ org.apache.catalina.startup.VersionLoggerListener log
ä¿¡æ¯: OS Version:            6.1
ä¸‰æœˆ 11, 2016 11:33:36 ä¸‹åˆ org.apache.catalina.startup.VersionLoggerListener log
ä¿¡æ¯: Architecture:          amd64
ä¸‰æœˆ 11, 2016 11:33:36 ä¸‹åˆ org.apache.catalina.startup.VersionLoggerListener log
ä¿¡æ¯: Java Home:             D:\Develop\DevelopKits\Java\jdk1.7.0_71\jre
ä¸‰æœˆ 11, 2016 11:33:36 ä¸‹åˆ org.apache.catalina.startup.VersionLoggerListener log
ä¿¡æ¯: JVM Version:           1.7.0_71-b14
ä¸‰æœˆ 11, 2016 11:33:36 ä¸‹åˆ org.apache.catalina.startup.VersionLoggerListener log
ä¿¡æ¯: JVM Vendor:            Oracle Corporation
ä¸‰æœˆ 11, 2016 11:33:36 ä¸‹åˆ org.apache.catalina.startup.VersionLoggerListener log
ä¿¡æ¯: CATALINA_BASE:         D:\Develop\Work\Git\tomcat7\launch
ä¸‰æœˆ 11, 2016 11:33:36 ä¸‹åˆ org.apache.catalina.startup.VersionLoggerListener log
ä¿¡æ¯: CATALINA_HOME:         D:\Develop\Work\Git\tomcat7\launch
ä¸‰æœˆ 11, 2016 11:33:36 ä¸‹åˆ org.apache.catalina.startup.VersionLoggerListener log
ä¿¡æ¯: Command line argument: -agentlib:jdwp=transport=dt_socket,address=127.0.0.1:52366,suspend=y,server=n
ä¸‰æœˆ 11, 2016 11:33:36 ä¸‹åˆ org.apache.catalina.startup.VersionLoggerListener log
ä¿¡æ¯: Command line argument: -Dcatalina.home=launch
ä¸‰æœˆ 11, 2016 11:33:36 ä¸‹åˆ org.apache.catalina.startup.VersionLoggerListener log
ä¿¡æ¯: Command line argument: -Dcatalina.base=launch
ä¸‰æœˆ 11, 2016 11:33:36 ä¸‹åˆ org.apache.catalina.startup.VersionLoggerListener log
ä¿¡æ¯: Command line argument: -Djava.endorsed.dirs=launch/endorsed
ä¸‰æœˆ 11, 2016 11:33:36 ä¸‹åˆ org.apache.catalina.startup.VersionLoggerListener log
ä¿¡æ¯: Command line argument: -Djava.io.tmpdir=launch/temp
ä¸‰æœˆ 11, 2016 11:33:36 ä¸‹åˆ org.apache.catalina.startup.VersionLoggerListener log
ä¿¡æ¯: Command line argument: -Djava.util.logging.manager=org.apache.juli.ClassLoaderLogManager
ä¸‰æœˆ 11, 2016 11:33:36 ä¸‹åˆ org.apache.catalina.startup.VersionLoggerListener log
ä¿¡æ¯: Command line argument: -Djava.util.logging.config.file=launch/conf/logging.properties
ä¸‰æœˆ 11, 2016 11:33:36 ä¸‹åˆ org.apache.catalina.startup.VersionLoggerListener log
ä¿¡æ¯: Command line argument: -Dfile.encoding=UTF-8
ä¸‰æœˆ 11, 2016 11:33:36 ä¸‹åˆ org.apache.catalina.core.AprLifecycleListener lifecycleEvent
ä¿¡æ¯: The APR based Apache Tomcat Native library which allows optimal performance in production environments was not found on the java.library.path: D:\Develop\DevelopKits\Java\jdk1.7.0_71\bin;C:\Windows\Sun\Java\bin;C:\Windows\system32;C:\Windows;C:\Windows\system32;C:\Windows;C:\Windows\System32\Wbem;C:\Windows\System32\WindowsPowerShell\v1.0\;D:\Develop\DevelopKits\Java\jdk1.6.0_45\bin;.
ä¸‰æœˆ 11, 2016 11:33:36 ä¸‹åˆ org.apache.coyote.AbstractProtocol init
ä¿¡æ¯: Initializing ProtocolHandler ["http-bio-8080"]
ä¸‰æœˆ 11, 2016 11:33:36 ä¸‹åˆ org.apache.coyote.AbstractProtocol init
ä¿¡æ¯: Initializing ProtocolHandler ["ajp-bio-8009"]
ä¸‰æœˆ 11, 2016 11:33:37 ä¸‹åˆ org.apache.catalina.startup.Catalina load
ä¿¡æ¯: Initialization processed in 3189 ms
ä¸‰æœˆ 11, 2016 11:33:37 ä¸‹åˆ org.apache.catalina.core.StandardService startInternal
ä¿¡æ¯: Starting service Catalina
ä¸‰æœˆ 11, 2016 11:33:37 ä¸‹åˆ org.apache.catalina.core.StandardEngine startInternal
ä¿¡æ¯: Starting Servlet Engine: Apache Tomcat/@VERSION@
ä¸‰æœˆ 11, 2016 11:33:37 ä¸‹åˆ org.apache.catalina.startup.HostConfig deployDirectory
ä¿¡æ¯: Deploying web application directory D:\Develop\Work\Git\tomcat7\launch\webapps\docs
ä¸‰æœˆ 11, 2016 11:33:43 ä¸‹åˆ org.apache.catalina.startup.TldConfig execute
ä¿¡æ¯: At least one JAR was scanned for TLDs yet contained no TLDs. Enable debug logging for this logger for a complete list of JARs that were scanned but no TLDs were found in them. Skipping unneeded JARs during scanning can improve startup time and JSP compilation time.
ä¸‰æœˆ 11, 2016 11:33:43 ä¸‹åˆ org.apache.catalina.util.SessionIdGeneratorBase createSecureRandom
ä¿¡æ¯: Creation of SecureRandom instance for session ID generation using [SHA1PRNG] took [121] milliseconds.
ä¸‰æœˆ 11, 2016 11:33:43 ä¸‹åˆ org.apache.catalina.startup.HostConfig deployDirectory
ä¿¡æ¯: Deployment of web application directory D:\Develop\Work\Git\tomcat7\launch\webapps\docs has finished in 6,623 ms
ä¸‰æœˆ 11, 2016 11:33:43 ä¸‹åˆ org.apache.catalina.startup.HostConfig deployDirectory
ä¿¡æ¯: Deploying web application directory D:\Develop\Work\Git\tomcat7\launch\webapps\examples
ä¸‰æœˆ 11, 2016 11:33:47 ä¸‹åˆ org.apache.catalina.startup.TldConfig execute
ä¿¡æ¯: At least one JAR was scanned for TLDs yet contained no TLDs. Enable debug logging for this logger for a complete list of JARs that were scanned but no TLDs were found in them. Skipping unneeded JARs during scanning can improve startup time and JSP compilation time.
ä¸‰æœˆ 11, 2016 11:33:47 ä¸‹åˆ org.apache.catalina.startup.HostConfig deployDirectory
ä¿¡æ¯: Deployment of web application directory D:\Develop\Work\Git\tomcat7\launch\webapps\examples has finished in 4,011 ms
ä¸‰æœˆ 11, 2016 11:33:47 ä¸‹åˆ org.apache.catalina.startup.HostConfig deployDirectory
ä¿¡æ¯: Deploying web application directory D:\Develop\Work\Git\tomcat7\launch\webapps\host-manager
ä¸‰æœˆ 11, 2016 11:33:48 ä¸‹åˆ org.apache.catalina.startup.TldConfig execute
ä¿¡æ¯: At least one JAR was scanned for TLDs yet contained no TLDs. Enable debug logging for this logger for a complete list of JARs that were scanned but no TLDs were found in them. Skipping unneeded JARs during scanning can improve startup time and JSP compilation time.
ä¸‰æœˆ 11, 2016 11:33:48 ä¸‹åˆ org.apache.catalina.startup.HostConfig deployDirectory
ä¿¡æ¯: Deployment of web application directory D:\Develop\Work\Git\tomcat7\launch\webapps\host-manager has finished in 212 ms
ä¸‰æœˆ 11, 2016 11:33:48 ä¸‹åˆ org.apache.catalina.startup.HostConfig deployDirectory
ä¿¡æ¯: Deploying web application directory D:\Develop\Work\Git\tomcat7\launch\webapps\manager
ä¸‰æœˆ 11, 2016 11:33:48 ä¸‹åˆ org.apache.catalina.startup.TldConfig execute
ä¿¡æ¯: At least one JAR was scanned for TLDs yet contained no TLDs. Enable debug logging for this logger for a complete list of JARs that were scanned but no TLDs were found in them. Skipping unneeded JARs during scanning can improve startup time and JSP compilation time.
ä¸‰æœˆ 11, 2016 11:33:48 ä¸‹åˆ org.apache.catalina.startup.HostConfig deployDirectory
ä¿¡æ¯: Deployment of web application directory D:\Develop\Work\Git\tomcat7\launch\webapps\manager has finished in 279 ms
ä¸‰æœˆ 11, 2016 11:33:48 ä¸‹åˆ org.apache.catalina.startup.HostConfig deployDirectory
ä¿¡æ¯: Deploying web application directory D:\Develop\Work\Git\tomcat7\launch\webapps\ROOT
ä¸‰æœˆ 11, 2016 11:33:51 ä¸‹åˆ org.apache.catalina.startup.TldConfig execute
ä¿¡æ¯: At least one JAR was scanned for TLDs yet contained no TLDs. Enable debug logging for this logger for a complete list of JARs that were scanned but no TLDs were found in them. Skipping unneeded JARs during scanning can improve startup time and JSP compilation time.
ä¸‰æœˆ 11, 2016 11:33:51 ä¸‹åˆ org.apache.catalina.startup.HostConfig deployDirectory
ä¿¡æ¯: Deployment of web application directory D:\Develop\Work\Git\tomcat7\launch\webapps\ROOT has finished in 2,715 ms
ä¸‰æœˆ 11, 2016 11:33:51 ä¸‹åˆ org.apache.coyote.AbstractProtocol start
ä¿¡æ¯: Starting ProtocolHandler ["http-bio-8080"]
ä¸‰æœˆ 11, 2016 11:33:51 ä¸‹åˆ org.apache.coyote.AbstractProtocol start
ä¿¡æ¯: Starting ProtocolHandler ["ajp-bio-8009"]
ä¸‰æœˆ 11, 2016 11:33:51 ä¸‹åˆ org.apache.catalina.startup.Catalina start
ä¿¡æ¯: Server startup in 14143 ms
ä¸‰æœˆ 11, 2016 11:36:42 ä¸‹åˆ org.apache.catalina.startup.VersionLoggerListener log
ä¿¡æ¯: Server version:        Apache Tomcat/@VERSION@
ä¸‰æœˆ 11, 2016 11:36:42 ä¸‹åˆ org.apache.catalina.startup.VersionLoggerListener log
ä¿¡æ¯: Server built:          @VERSION_BUILT@
ä¸‰æœˆ 11, 2016 11:36:42 ä¸‹åˆ org.apache.catalina.startup.VersionLoggerListener log
ä¿¡æ¯: Server number:         @VERSION_NUMBER@
ä¸‰æœˆ 11, 2016 11:36:42 ä¸‹åˆ org.apache.catalina.startup.VersionLoggerListener log
ä¿¡æ¯: OS Name:               Windows 7
ä¸‰æœˆ 11, 2016 11:36:42 ä¸‹åˆ org.apache.catalina.startup.VersionLoggerListener log
ä¿¡æ¯: OS Version:            6.1
ä¸‰æœˆ 11, 2016 11:36:42 ä¸‹åˆ org.apache.catalina.startup.VersionLoggerListener log
ä¿¡æ¯: Architecture:          amd64
ä¸‰æœˆ 11, 2016 11:36:42 ä¸‹åˆ org.apache.catalina.startup.VersionLoggerListener log
ä¿¡æ¯: Java Home:             D:\Develop\DevelopKits\Java\jdk1.7.0_71\jre
ä¸‰æœˆ 11, 2016 11:36:42 ä¸‹åˆ org.apache.catalina.startup.VersionLoggerListener log
ä¿¡æ¯: JVM Version:           1.7.0_71-b14
ä¸‰æœˆ 11, 2016 11:36:42 ä¸‹åˆ org.apache.catalina.startup.VersionLoggerListener log
ä¿¡æ¯: JVM Vendor:            Oracle Corporation
ä¸‰æœˆ 11, 2016 11:36:42 ä¸‹åˆ org.apache.catalina.startup.VersionLoggerListener log
ä¿¡æ¯: CATALINA_BASE:         D:\Develop\Work\Git\tomcat7\launch
ä¸‰æœˆ 11, 2016 11:36:42 ä¸‹åˆ org.apache.catalina.startup.VersionLoggerListener log
ä¿¡æ¯: CATALINA_HOME:         D:\Develop\Work\Git\tomcat7\launch
ä¸‰æœˆ 11, 2016 11:36:42 ä¸‹åˆ org.apache.catalina.startup.VersionLoggerListener log
ä¿¡æ¯: Command line argument: -agentlib:jdwp=transport=dt_socket,address=127.0.0.1:52374,suspend=y,server=n
ä¸‰æœˆ 11, 2016 11:36:42 ä¸‹åˆ org.apache.catalina.startup.VersionLoggerListener log
ä¿¡æ¯: Command line argument: -Dcatalina.home=launch
ä¸‰æœˆ 11, 2016 11:36:42 ä¸‹åˆ org.apache.catalina.startup.VersionLoggerListener log
ä¿¡æ¯: Command line argument: -Dcatalina.base=launch
ä¸‰æœˆ 11, 2016 11:36:42 ä¸‹åˆ org.apache.catalina.startup.VersionLoggerListener log
ä¿¡æ¯: Command line argument: -Djava.endorsed.dirs=launch/endorsed
ä¸‰æœˆ 11, 2016 11:36:42 ä¸‹åˆ org.apache.catalina.startup.VersionLoggerListener log
ä¿¡æ¯: Command line argument: -Djava.io.tmpdir=launch/temp
ä¸‰æœˆ 11, 2016 11:36:42 ä¸‹åˆ org.apache.catalina.startup.VersionLoggerListener log
ä¿¡æ¯: Command line argument: -Djava.util.logging.manager=org.apache.juli.ClassLoaderLogManager
ä¸‰æœˆ 11, 2016 11:36:42 ä¸‹åˆ org.apache.catalina.startup.VersionLoggerListener log
ä¿¡æ¯: Command line argument: -Djava.util.logging.config.file=launch/conf/logging.properties
ä¸‰æœˆ 11, 2016 11:36:42 ä¸‹åˆ org.apache.catalina.startup.VersionLoggerListener log
ä¿¡æ¯: Command line argument: -Dfile.encoding=UTF-8
ä¸‰æœˆ 11, 2016 11:36:42 ä¸‹åˆ org.apache.catalina.core.AprLifecycleListener lifecycleEvent
ä¿¡æ¯: The APR based Apache Tomcat Native library which allows optimal performance in production environments was not found on the java.library.path: D:\Develop\DevelopKits\Java\jdk1.7.0_71\bin;C:\Windows\Sun\Java\bin;C:\Windows\system32;C:\Windows;C:\Windows\system32;C:\Windows;C:\Windows\System32\Wbem;C:\Windows\System32\WindowsPowerShell\v1.0\;D:\Develop\DevelopKits\Java\jdk1.6.0_45\bin;.
ä¸‰æœˆ 11, 2016 11:36:42 ä¸‹åˆ org.apache.coyote.AbstractProtocol init
ä¿¡æ¯: Initializing ProtocolHandler ["http-bio-8080"]
ä¸‰æœˆ 11, 2016 11:36:42 ä¸‹åˆ org.apache.coyote.AbstractProtocol init
ä¿¡æ¯: Initializing ProtocolHandler ["ajp-bio-8009"]
ä¸‰æœˆ 11, 2016 11:36:42 ä¸‹åˆ org.apache.catalina.startup.Catalina load
ä¿¡æ¯: Initialization processed in 1588 ms
ä¸‰æœˆ 11, 2016 11:36:42 ä¸‹åˆ org.apache.catalina.core.StandardService startInternal
ä¿¡æ¯: Starting service Catalina
ä¸‰æœˆ 11, 2016 11:36:42 ä¸‹åˆ org.apache.catalina.core.StandardEngine startInternal
ä¿¡æ¯: Starting Servlet Engine: Apache Tomcat/@VERSION@
ä¸‰æœˆ 11, 2016 11:36:42 ä¸‹åˆ org.apache.catalina.startup.HostConfig deployDirectory
ä¿¡æ¯: Deploying web application directory D:\Develop\Work\Git\tomcat7\launch\webapps\docs
